<?xml version="1.0" encoding="UTF-8"?>
<!-- Generated by org.testng.reporters.JUnitReportReporter -->
<testsuite hostname="3aaa52ed14ff567" failures="0" tests="1" name="com.amdocs.TestCases.IndexPagetest" time="72.320" errors="0" timestamp="2023-09-15T04:35:04 IST" skipped="0">
  <testcase classname="com.amdocs.TestCases.IndexPagetest" name="loginTest" time="72.320"/>
</testsuite> <!-- com.amdocs.TestCases.IndexPagetest -->
